<?xml version="1.0" encoding="UTF-8"?>
<!-- Generated by org.testng.reporters.JUnitReportReporter -->
<testsuite hostname="2bac5ec778ec" name="com.searchmodule.tests.SearchTest" tests="4" failures="0" timestamp="14 Feb 2023 21:18:23 GMT" time="14.019" errors="0">
  <testcase name="search" time="3.059" classname="com.searchmodule.tests.SearchTest"/>
  <testcase name="search" time="4.370" classname="com.searchmodule.tests.SearchTest"/>
  <testcase name="search" time="3.470" classname="com.searchmodule.tests.SearchTest"/>
  <testcase name="search" time="3.120" classname="com.searchmodule.tests.SearchTest"/>
</testsuite> <!-- com.searchmodule.tests.SearchTest -->
