<?xml version="1.0" encoding="UTF-8"?>
<!-- Generated by org.testng.reporters.JUnitReportReporter -->
<testsuite hostname="7d11bab23165" name="com.newtours.tests.BookFlightTest" tests="15" failures="0" timestamp="14 Feb 2023 21:18:06 GMT" time="22.725" errors="0">
  <testcase name="registrationConfirmationPage" time="0.347" classname="com.newtours.tests.BookFlightTest"/>
  <testcase name="flightDetailsPage" time="1.859" classname="com.newtours.tests.BookFlightTest"/>
  <testcase name="printConfirmation" time="0.471" classname="com.newtours.tests.BookFlightTest"/>
  <testcase name="findFlightPage" time="0.639" classname="com.newtours.tests.BookFlightTest"/>
  <testcase name="findFlightPage" time="0.685" classname="com.newtours.tests.BookFlightTest"/>
  <testcase name="registrationPage" time="4.186" classname="com.newtours.tests.BookFlightTest"/>
  <testcase name="findFlightPage" time="0.639" classname="com.newtours.tests.BookFlightTest"/>
  <testcase name="registrationConfirmationPage" time="0.323" classname="com.newtours.tests.BookFlightTest"/>
  <testcase name="registrationConfirmationPage" time="0.320" classname="com.newtours.tests.BookFlightTest"/>
  <testcase name="printConfirmation" time="0.535" classname="com.newtours.tests.BookFlightTest"/>
  <testcase name="flightDetailsPage" time="1.762" classname="com.newtours.tests.BookFlightTest"/>
  <testcase name="registrationPage" time="4.160" classname="com.newtours.tests.BookFlightTest"/>
  <testcase name="registrationPage" time="4.626" classname="com.newtours.tests.BookFlightTest"/>
  <testcase name="printConfirmation" time="0.431" classname="com.newtours.tests.BookFlightTest"/>
  <testcase name="flightDetailsPage" time="1.742" classname="com.newtours.tests.BookFlightTest"/>
</testsuite> <!-- com.newtours.tests.BookFlightTest -->
